<?xml version="1.0" encoding="UTF-8"?>
<testsuite xmlns:xsi="http://www.w3.org/2001/XMLSchema-instance" xsi:noNamespaceSchemaLocation="https://maven.apache.org/surefire/maven-surefire-plugin/xsd/surefire-test-report.xsd" name="com.ajay.pulseBackend.CategoryTest" time="0.821" tests="4" errors="0" skipped="3" failures="0">
  <properties>
[...]
</properties>
  <testcase name="testListCategory" classname="com.ajay.pulseBackend.CategoryTest" time="0">
    <skipped/>
    <system-err><![CDATA[Jul 03, 2019 12:46:05 PM org.hibernate.dialect.Dialect <init>
INFO: HHH000400: Using dialect: org.hibernate.dialect.H2Dialect
Jul 03, 2019 12:46:05 PM org.hibernate.engine.transaction.jta.platform.internal.JtaPlatformInitiator initiateService
INFO: HHH000490: Using JtaPlatform implementation: [org.hibernate.engine.transaction.jta.platform.internal.NoJtaPlatform]
]]></system-err>
  </testcase>
  <testcase name="addCategory" classname="com.ajay.pulseBackend.CategoryTest" time="0.041"/>
  <testcase name="testUpdateCategory" classname="com.ajay.pulseBackend.CategoryTest" time="0">
    <skipped/>
  </testcase>
  <testcase name="testDeleteCategory" classname="com.ajay.pulseBackend.CategoryTest" time="0">
    <skipped/>
  </testcase>
</testsuite>